<?xml version="1.0" encoding="UTF-8"?>
<testng-results ignored="0" total="1" passed="0" failed="1" skipped="0">
  <reporter-output>
  </reporter-output>
  <suite started-at="2025-07-16T11:37:51 IST" name="Default suite" finished-at="2025-07-16T11:38:05 IST" duration-ms="14801">
    <groups>
    </groups>
    <test started-at="2025-07-16T11:37:51 IST" name="Default test" finished-at="2025-07-16T11:38:05 IST" duration-ms="14801">
      <class name="com.comcast.crm.contacttest.CreateContactTest">
        <test-method is-config="true" signature="configBs()[pri:0, instance:com.comcast.crm.contacttest.CreateContactTest@4c5ae43b]" started-at="2025-07-16T11:37:50 IST" name="configBs" finished-at="2025-07-16T11:37:51 IST" duration-ms="379" status="PASS">
          <reporter-output>
          </reporter-output>
        </test-method> <!-- configBs -->
        <test-method is-config="true" signature="configbc()[pri:0, instance:com.comcast.crm.contacttest.CreateContactTest@4c5ae43b]" started-at="2025-07-16T11:37:51 IST" name="configbc" finished-at="2025-07-16T11:37:54 IST" duration-ms="3325" status="PASS">
          <reporter-output>
          </reporter-output>
        </test-method> <!-- configbc -->
        <test-method is-config="true" signature="configbm()[pri:0, instance:com.comcast.crm.contacttest.CreateContactTest@4c5ae43b]" started-at="2025-07-16T11:37:54 IST" name="configbm" finished-at="2025-07-16T11:37:56 IST" duration-ms="1606" status="PASS">
          <reporter-output>
          </reporter-output>
        </test-method> <!-- configbm -->
        <test-method signature="createContact()[pri:0, instance:com.comcast.crm.contacttest.CreateContactTest@4c5ae43b]" started-at="2025-07-16T11:37:56 IST" name="createContact" finished-at="2025-07-16T11:37:56 IST" duration-ms="21" status="FAIL">
          <exception class="java.lang.Error">
            <message>
              <![CDATA[Unresolved compilation problems: 
The field BaseClass.driver is not visible
Cannot invoke click() on the primitive type void
ContactPage cannot be resolved to a type
ContactPage cannot be resolved to a type
The field BaseClass.driver is not visible
CreateNewContactPage cannot be resolved to a type
CreateNewContactPage cannot be resolved to a type
The field BaseClass.driver is not visible
op cannot be resolved to a variable
Syntax error on token ".", ; expected
actLastName cannot be resolved
]]>
            </message>
            <full-stacktrace>
              <![CDATA[java.lang.Error: Unresolved compilation problems: 
The field BaseClass.driver is not visible
Cannot invoke click() on the primitive type void
ContactPage cannot be resolved to a type
ContactPage cannot be resolved to a type
The field BaseClass.driver is not visible
CreateNewContactPage cannot be resolved to a type
CreateNewContactPage cannot be resolved to a type
The field BaseClass.driver is not visible
op cannot be resolved to a variable
Syntax error on token ".", ; expected
actLastName cannot be resolved

at com.comcast.crm.contacttest.CreateContactTest.createContact(CreateContactTest.java:43)
at java.base/jdk.internal.reflect.DirectMethodHandleAccessor.invoke(DirectMethodHandleAccessor.java:103)
at java.base/java.lang.reflect.Method.invoke(Method.java:580)
at org.testng.internal.invokers.MethodInvocationHelper.invokeMethod(MethodInvocationHelper.java:141)
at org.testng.internal.invokers.TestInvoker.invokeMethod(TestInvoker.java:687)
at org.testng.internal.invokers.TestInvoker.invokeTestMethod(TestInvoker.java:230)
at org.testng.internal.invokers.MethodRunner.runInSequence(MethodRunner.java:63)
at org.testng.internal.invokers.TestInvoker$MethodInvocationAgent.invoke(TestInvoker.java:995)
at org.testng.internal.invokers.TestInvoker.invokeTestMethods(TestInvoker.java:203)
at org.testng.internal.invokers.TestMethodWorker.invokeTestMethods(TestMethodWorker.java:154)
at org.testng.internal.invokers.TestMethodWorker.run(TestMethodWorker.java:134)
at java.base/java.util.ArrayList.forEach(ArrayList.java:1597)
at org.testng.TestRunner.privateRun(TestRunner.java:741)
at org.testng.TestRunner.run(TestRunner.java:616)
at org.testng.SuiteRunner.runTest(SuiteRunner.java:421)
at org.testng.SuiteRunner.runSequentially(SuiteRunner.java:413)
at org.testng.SuiteRunner.privateRun(SuiteRunner.java:373)
at org.testng.SuiteRunner.run(SuiteRunner.java:312)
at org.testng.SuiteRunnerWorker.runSuite(SuiteRunnerWorker.java:52)
at org.testng.SuiteRunnerWorker.run(SuiteRunnerWorker.java:95)
at org.testng.TestNG.runSuitesSequentially(TestNG.java:1274)
at org.testng.TestNG.runSuitesLocally(TestNG.java:1208)
at org.testng.TestNG.runSuites(TestNG.java:1112)
at org.testng.TestNG.run(TestNG.java:1079)
at org.testng.remote.AbstractRemoteTestNG.run(AbstractRemoteTestNG.java:115)
at org.testng.remote.RemoteTestNG.initAndRun(RemoteTestNG.java:293)
at org.testng.remote.RemoteTestNG.main(RemoteTestNG.java:91)
]]>
            </full-stacktrace>
          </exception> <!-- java.lang.Error -->
          <reporter-output>
          </reporter-output>
        </test-method> <!-- createContact -->
        <test-method is-config="true" signature="configAM()[pri:0, instance:com.comcast.crm.contacttest.CreateContactTest@4c5ae43b]" started-at="2025-07-16T11:37:56 IST" name="configAM" finished-at="2025-07-16T11:38:05 IST" duration-ms="9424" status="PASS">
          <reporter-output>
          </reporter-output>
        </test-method> <!-- configAM -->
        <test-method is-config="true" signature="configAC()[pri:0, instance:com.comcast.crm.contacttest.CreateContactTest@4c5ae43b]" started-at="2025-07-16T11:38:05 IST" name="configAC" finished-at="2025-07-16T11:38:05 IST" duration-ms="295" status="PASS">
          <reporter-output>
          </reporter-output>
        </test-method> <!-- configAC -->
        <test-method is-config="true" signature="configAs()[pri:0, instance:com.comcast.crm.contacttest.CreateContactTest@4c5ae43b]" started-at="2025-07-16T11:38:05 IST" name="configAs" finished-at="2025-07-16T11:38:05 IST" duration-ms="8" status="PASS">
          <reporter-output>
          </reporter-output>
        </test-method> <!-- configAs -->
      </class> <!-- com.comcast.crm.contacttest.CreateContactTest -->
    </test> <!-- Default test -->
  </suite> <!-- Default suite -->
</testng-results>
