<?xml version="1.0" encoding="UTF-8"?>
<!-- Generated by org.testng.reporters.JUnitXMLReporter -->
<testsuite ignored="2" hostname="DESKTOP-234S9F6" failures="0" tests="4" name="Test" time="40.726" errors="0" timestamp="2025-07-09T14:46:43 IST">
  <testcase classname="Pac1.CreateContactTest" name="createContactTest" time="0.018"/>
  <testcase classname="Pac1.CreateContactTest" name="createContactWithDate" time="0.002"/>
  <testcase classname="Pac2.CreateOrgtTest" name="createOrgWithIndusries" time="0.003"/>
  <testcase classname="Pac2.CreateOrgtTest" name="createOrgtTest" time="0.002"/>
  <testcase classname="crm.BaseTest.BaseClass" name="@BeforeSuite configBs" time="0.0">
    <ignored/>
  </testcase> <!-- @BeforeSuite configBs -->
  <testcase classname="crm.BaseTest.BaseClass" name="@AfterSuite configAs" time="0.0">
    <ignored/>
  </testcase> <!-- @AfterSuite configAs -->
</testsuite> <!-- Test -->
